<?xml version="1.0" encoding="UTF-8"?>
<!-- Generated by org.testng.reporters.JUnitReportReporter -->
<testsuite hostname="DESKTOP-TIC5DM4" failures="0" tests="3" name="com.qa.TestCases.Login_TestCases" time="10.334" errors="0" timestamp="2024-08-07T17:43:02 IST" skipped="0">
  <testcase classname="com.qa.TestCases.Login_TestCases" name="test1" time="5.508"/>
  <system-out/>
  <testcase classname="com.qa.TestCases.Login_TestCases" name="test2" time="4.504"/>
  <system-out/>
  <testcase classname="com.qa.TestCases.Login_TestCases" name="test3" time="0.322"/>
  <system-out/>
</testsuite> <!-- com.qa.TestCases.Login_TestCases -->
