<?xml version="1.0" encoding="UTF-8"?>
<!-- Generated by org.testng.reporters.JUnitReportReporter -->
<testsuite hostname="DESKTOP-TIC5DM4" failures="0" tests="2" name="com.qa.TestCases.TC_LINKTEST_001" time="3.556" errors="0" timestamp="2024-08-07T17:51:49 IST" skipped="0">
  <testcase classname="com.qa.TestCases.TC_LINKTEST_001" name="linkTest" time="3.510"/>
  <system-out/>
  <testcase classname="com.qa.TestCases.TC_LINKTEST_001" name="test2" time="0.046"/>
  <system-out/>
</testsuite> <!-- com.qa.TestCases.TC_LINKTEST_001 -->
